<?xml version="1.0" encoding="UTF-8"?>
<!-- Generated by org.testng.reporters.JUnitReportReporter -->
<testsuite hostname="Hutech-Solutions" failures="0" tests="6" name="com.Api.Api.TestA" time="0.013" errors="0" timestamp="25 Jun 2023 18:49:04 GMT" skipped="0">
  <testcase classname="com.Api.Api.TestA" name="demoC" time="0.000"/>
  <testcase classname="com.Api.Api.TestA" name="demoD" time="0.001"/>
  <testcase classname="com.Api.Api.TestA" name="demoD" time="0.001"/>
  <testcase classname="com.Api.Api.TestA" name="demoD" time="0.001"/>
  <testcase classname="com.Api.Api.TestA" name="demoB" time="0.002"/>
  <testcase classname="com.Api.Api.TestA" name="demoA" time="0.008"/>
</testsuite> <!-- com.Api.Api.TestA -->
