<?xml version="1.0" encoding="UTF-8"?>
<!-- Generated by org.testng.reporters.JUnitReportReporter -->
<testsuite hostname="Hutech-Solutions" failures="0" tests="2" name="com.Api.Api.TestD" time="0.003" errors="0" timestamp="25 Jun 2023 18:49:04 GMT" skipped="0">
  <testcase classname="com.Api.Api.TestD" name="practiceC" time="0.002"/>
  <testcase classname="com.Api.Api.TestD" name="practiceD" time="0.001"/>
</testsuite> <!-- com.Api.Api.TestD -->
