<?xml version="1.0" encoding="UTF-8"?>
<!-- Generated by org.testng.reporters.JUnitReportReporter -->
<testsuite hostname="Hutech-Solutions" failures="0" tests="2" name="com.Api.Api.Request" time="2.272" errors="0" timestamp="08 Feb 2023 19:42:40 GMT" skipped="0">
  <testcase classname="com.Api.Api.Request" name="getRequest" time="1.680"/>
  <testcase classname="com.Api.Api.Request" name="postRequest" time="0.592"/>
</testsuite> <!-- com.Api.Api.Request -->
