<?xml version="1.0" encoding="UTF-8"?>
<!-- Generated by org.testng.reporters.JUnitReportReporter -->
<testsuite hostname="Hutech-Solutions" failures="0" tests="4" name="com.Api.Api.TestB" time="0.010" errors="0" timestamp="25 Jun 2023 18:49:04 GMT" skipped="0">
  <testcase classname="com.Api.Api.TestB" name="demo5" time="0.008"/>
  <testcase classname="com.Api.Api.TestB" name="demo6" time="0.000"/>
  <testcase classname="com.Api.Api.TestB" name="demo8" time="0.001"/>
  <testcase classname="com.Api.Api.TestB" name="demo7" time="0.001"/>
</testsuite> <!-- com.Api.Api.TestB -->
