<?xml version="1.0" encoding="UTF-8"?>
<!-- Generated by org.testng.reporters.JUnitReportReporter -->
<testsuite hostname="Hutech-Solutions" failures="0" tests="4" name="com.Api.Api.TestNG" time="0.029" errors="0" timestamp="22 Jun 2023 12:01:40 GMT" skipped="0">
  <testcase classname="com.Api.Api.TestNG" name="test2" time="0.003"/>
  <testcase classname="com.Api.Api.TestNG" name="test1" time="0.003"/>
  <testcase classname="com.Api.Api.TestNG" name="APIloan" time="0.021"/>
  <testcase classname="com.Api.Api.TestNG" name="test3" time="0.002"/>
</testsuite> <!-- com.Api.Api.TestNG -->
