<?xml version="1.0" encoding="UTF-8"?>
<!-- Generated by org.testng.reporters.JUnitReportReporter -->
<testsuite hostname="Hutech-Solutions" failures="0" tests="2" name="com.Api.Api.TestC" time="0.000" errors="0" timestamp="25 Jun 2023 18:49:04 GMT" skipped="0">
  <testcase classname="com.Api.Api.TestC" name="PracticeB" time="0.000"/>
  <testcase classname="com.Api.Api.TestC" name="PracticeA" time="0.000"/>
</testsuite> <!-- com.Api.Api.TestC -->
