<?xml version="1.0" encoding="UTF-8"?>
<!-- Generated by org.testng.reporters.JUnitReportReporter -->
<testsuite hostname="Hutech-Solutions" failures="0" tests="1" name="com.Api.Api.PostRequest" time="1.707" errors="0" timestamp="08 Feb 2023 19:29:38 GMT" skipped="0">
  <testcase classname="com.Api.Api.PostRequest" name="getRequest" time="1.707"/>
</testsuite> <!-- com.Api.Api.PostRequest -->
